#
# There is insufficient memory for the Java Runtime Environment to continue.
# Native memory allocation (malloc) failed to allocate 2086096 bytes for Chunk::new
# Possible reasons:
#   The system is out of physical RAM or swap space
#   In 32 bit mode, the process size limit was hit
# Possible solutions:
#   Reduce memory load on the system
#   Increase physical memory or swap space
#   Check if swap backing store is full
#   Use 64 bit Java on a 64 bit OS
#   Decrease Java heap size (-Xmx/-Xms)
#   Decrease number of Java threads
#   Decrease Java thread stack sizes (-Xss)
#   Set larger code cache with -XX:ReservedCodeCacheSize=
# This output file may be truncated or incomplete.
#
#  Out of Memory Error (allocation.cpp:390), pid=5580, tid=7796
#
# JRE version: Java(TM) SE Runtime Environment (8.0_40-b26) (build 1.8.0_40-b26)
# Java VM: Java HotSpot(TM) 64-Bit Server VM (25.40-b25 mixed mode windows-amd64 compressed oops)
# Failed to write core dump. Minidumps are not enabled by default on client versions of Windows
#

---------------  T H R E A D  ---------------

Current thread (0x0000000016dc1000):  JavaThread "C2 CompilerThread0" daemon [_thread_in_native, id=7796, stack(0x0000000018320000,0x0000000018420000)]

Stack: [0x0000000018320000,0x0000000018420000]
Native frames: (J=compiled Java code, j=interpreted, Vv=VM code, C=native code)
V  [jvm.dll+0x32b47a]
V  [jvm.dll+0x2797f3]
V  [jvm.dll+0x27a489]
V  [jvm.dll+0x2717a5]
V  [jvm.dll+0xcb9a2]
V  [jvm.dll+0xcbe6c]
V  [jvm.dll+0x464332]
V  [jvm.dll+0x4db615]
V  [jvm.dll+0x4dc217]
V  [jvm.dll+0x46a551]
V  [jvm.dll+0x46cd52]
V  [jvm.dll+0x4500d2]
V  [jvm.dll+0xa4312]
V  [jvm.dll+0xa4c4f]
V  [jvm.dll+0x241914]
V  [jvm.dll+0x29848a]
C  [msvcr100.dll+0x21d9f]
C  [msvcr100.dll+0x21e3b]
C  [KERNEL32.DLL+0x18102]
C  [ntdll.dll+0x5c5b4]


Current CompileTask:
C2:  20957 2033       4       java.net.URLClassLoader$1::run (5 bytes)


---------------  P R O C E S S  ---------------

Java Threads: ( => current thread )
  0x00000000008be000 JavaThread "DestroyJavaVM" [_thread_blocked, id=11968, stack(0x0000000002060000,0x0000000002160000)]
  0x0000000018e05800 JavaThread "pool-1-thread-1" [_thread_blocked, id=3744, stack(0x000000001a7f0000,0x000000001a8f0000)]
  0x000000001842b000 JavaThread "Service Thread" daemon [_thread_blocked, id=8728, stack(0x0000000018a20000,0x0000000018b20000)]
  0x0000000018423000 JavaThread "C1 CompilerThread2" daemon [_thread_blocked, id=5056, stack(0x0000000018920000,0x0000000018a20000)]
  0x0000000018420800 JavaThread "C2 CompilerThread1" daemon [_thread_blocked, id=11540, stack(0x0000000018820000,0x0000000018920000)]
=>0x0000000016dc1000 JavaThread "C2 CompilerThread0" daemon [_thread_in_native, id=7796, stack(0x0000000018320000,0x0000000018420000)]
  0x0000000016dbf800 JavaThread "Attach Listener" daemon [_thread_blocked, id=10256, stack(0x0000000018220000,0x0000000018320000)]
  0x0000000016dbe800 JavaThread "Signal Dispatcher" daemon [_thread_blocked, id=10984, stack(0x0000000018120000,0x0000000018220000)]
  0x0000000002257000 JavaThread "Finalizer" daemon [_thread_blocked, id=11484, stack(0x0000000018020000,0x0000000018120000)]
  0x000000000224e000 JavaThread "Reference Handler" daemon [_thread_blocked, id=9068, stack(0x0000000017f20000,0x0000000018020000)]

Other Threads:
  0x0000000016d87800 VMThread [stack: 0x0000000017e20000,0x0000000017f20000] [id=10148]
  0x000000001842c800 WatcherThread [stack: 0x0000000018b20000,0x0000000018c20000] [id=11156]

VM state:not at safepoint (normal execution)

VM Mutex/Monitor currently owned by a thread: None

Heap:
 PSYoungGen      total 38400K, used 24765K [0x00000000d5d00000, 0x00000000d8780000, 0x0000000100000000)
  eden space 33280K, 74% used [0x00000000d5d00000,0x00000000d752f680,0x00000000d7d80000)
  from space 5120K, 0% used [0x00000000d7d80000,0x00000000d7d80000,0x00000000d8280000)
  to   space 5120K, 0% used [0x00000000d8280000,0x00000000d8280000,0x00000000d8780000)
 ParOldGen       total 68096K, used 7796K [0x0000000081600000, 0x0000000085880000, 0x00000000d5d00000)
  object space 68096K, 11% used [0x0000000081600000,0x0000000081d9d270,0x0000000085880000)
 Metaspace       used 22779K, capacity 22982K, committed 23344K, reserved 1069056K
  class space    used 3012K, capacity 3065K, committed 3120K, reserved 1048576K

Card table byte_map: [0x0000000011620000,0x0000000011a20000] byte_map_base: 0x0000000011215000

Marking Bits: (ParMarkBitMap*) 0x0000000076834040
 Begin Bits: [0x00000000120d0000, 0x0000000014078000)
 End Bits:   [0x0000000014078000, 0x0000000016020000)

Polling page: 0x00000000001f0000

CodeCache: size=245760Kb used=6805Kb max_used=6805Kb free=238954Kb
 bounds [0x0000000002260000, 0x0000000002910000, 0x0000000011260000]
 total_blobs=2490 nmethods=2025 adapters=377
 compilation: enabled

Compilation events (10 events):
Event: 20.291 Thread 0x0000000018423000 2041       1       org.hibernate.internal.SessionFactoryImpl::isClosed (5 bytes)
Event: 20.291 Thread 0x0000000018423000 nmethod 2041 0x00000000028f9310 code [0x00000000028f9460, 0x00000000028f9570]
Event: 20.297 Thread 0x0000000018423000 2042       3       java.nio.ByteBuffer::array (35 bytes)
Event: 20.297 Thread 0x0000000018423000 nmethod 2042 0x00000000028f8d10 code [0x00000000028f8ea0, 0x00000000028f91b8]
Event: 20.298 Thread 0x0000000018423000 2043       3       sun.nio.cs.UTF_8$Encoder::encodeArrayLoop (489 bytes)
Event: 20.302 Thread 0x0000000018423000 nmethod 2043 0x0000000002908090 code [0x0000000002908600, 0x000000000290bc68]
Event: 20.302 Thread 0x0000000018423000 2044  s    3       java.io.BufferedOutputStream::write (67 bytes)
Event: 20.302 Thread 0x0000000018423000 nmethod 2044 0x00000000028ffc90 code [0x00000000028ffe60, 0x00000000029006b8]
Event: 20.302 Thread 0x0000000018423000 2045       3       sun.nio.cs.StreamEncoder::implFlushBuffer (15 bytes)
Event: 20.302 Thread 0x0000000018423000 nmethod 2045 0x00000000028f8890 code [0x00000000028f8a00, 0x00000000028f8c68]

GC Heap History (8 events):
Event: 1.518 GC heap before
{Heap before GC invocations=1 (full 0):
 PSYoungGen      total 38400K, used 33280K [0x00000000d5d00000, 0x00000000d8780000, 0x0000000100000000)
  eden space 33280K, 100% used [0x00000000d5d00000,0x00000000d7d80000,0x00000000d7d80000)
  from space 5120K, 0% used [0x00000000d8280000,0x00000000d8280000,0x00000000d8780000)
  to   space 5120K, 0% used [0x00000000d7d80000,0x00000000d7d80000,0x00000000d8280000)
 ParOldGen       total 87552K, used 0K [0x0000000081600000, 0x0000000086b80000, 0x00000000d5d00000)
  object space 87552K, 0% used [0x0000000081600000,0x0000000081600000,0x0000000086b80000)
 Metaspace       used 9131K, capacity 9276K, committed 9472K, reserved 1056768K
  class space    used 1148K, capacity 1172K, committed 1280K, reserved 1048576K
Event: 1.523 GC heap after
Heap after GC invocations=1 (full 0):
 PSYoungGen      total 38400K, used 3263K [0x00000000d5d00000, 0x00000000d8780000, 0x0000000100000000)
  eden space 33280K, 0% used [0x00000000d5d00000,0x00000000d5d00000,0x00000000d7d80000)
  from space 5120K, 63% used [0x00000000d7d80000,0x00000000d80afd00,0x00000000d8280000)
  to   space 5120K, 0% used [0x00000000d8280000,0x00000000d8280000,0x00000000d8780000)
 ParOldGen       total 87552K, used 72K [0x0000000081600000, 0x0000000086b80000, 0x00000000d5d00000)
  object space 87552K, 0% used [0x0000000081600000,0x0000000081612010,0x0000000086b80000)
 Metaspace       used 9131K, capacity 9276K, committed 9472K, reserved 1056768K
  class space    used 1148K, capacity 1172K, committed 1280K, reserved 1048576K
}
Event: 11.281 GC heap before
{Heap before GC invocations=2 (full 0):
 PSYoungGen      total 38400K, used 36543K [0x00000000d5d00000, 0x00000000d8780000, 0x0000000100000000)
  eden space 33280K, 100% used [0x00000000d5d00000,0x00000000d7d80000,0x00000000d7d80000)
  from space 5120K, 63% used [0x00000000d7d80000,0x00000000d80afd00,0x00000000d8280000)
  to   space 5120K, 0% used [0x00000000d8280000,0x00000000d8280000,0x00000000d8780000)
 ParOldGen       total 87552K, used 72K [0x0000000081600000, 0x0000000086b80000, 0x00000000d5d00000)
  object space 87552K, 0% used [0x0000000081600000,0x0000000081612010,0x0000000086b80000)
 Metaspace       used 16996K, capacity 17218K, committed 17536K, reserved 1064960K
  class space    used 2237K, capacity 2323K, committed 2432K, reserved 1048576K
Event: 11.314 GC heap after
Heap after GC invocations=2 (full 0):
 PSYoungGen      total 38400K, used 5105K [0x00000000d5d00000, 0x00000000d8780000, 0x0000000100000000)
  eden space 33280K, 0% used [0x00000000d5d00000,0x00000000d5d00000,0x00000000d7d80000)
  from space 5120K, 99% used [0x00000000d8280000,0x00000000d877c590,0x00000000d8780000)
  to   space 5120K, 0% used [0x00000000d7d80000,0x00000000d7d80000,0x00000000d8280000)
 ParOldGen       total 87552K, used 2577K [0x0000000081600000, 0x0000000086b80000, 0x00000000d5d00000)
  object space 87552K, 2% used [0x0000000081600000,0x00000000818846d0,0x0000000086b80000)
 Metaspace       used 16996K, capacity 17218K, committed 17536K, reserved 1064960K
  class space    used 2237K, capacity 2323K, committed 2432K, reserved 1048576K
}
Event: 15.978 GC heap before
{Heap before GC invocations=3 (full 0):
 PSYoungGen      total 38400K, used 35614K [0x00000000d5d00000, 0x00000000d8780000, 0x0000000100000000)
  eden space 33280K, 91% used [0x00000000d5d00000,0x00000000d7acb2b0,0x00000000d7d80000)
  from space 5120K, 99% used [0x00000000d8280000,0x00000000d877c590,0x00000000d8780000)
  to   space 5120K, 0% used [0x00000000d7d80000,0x00000000d7d80000,0x00000000d8280000)
 ParOldGen       total 87552K, used 2577K [0x0000000081600000, 0x0000000086b80000, 0x00000000d5d00000)
  object space 87552K, 2% used [0x0000000081600000,0x00000000818846d0,0x0000000086b80000)
 Metaspace       used 21014K, capacity 21216K, committed 21296K, reserved 1067008K
  class space    used 2777K, capacity 2840K, committed 2864K, reserved 1048576K
Event: 16.018 GC heap after
Heap after GC invocations=3 (full 0):
 PSYoungGen      total 38400K, used 5092K [0x00000000d5d00000, 0x00000000d8780000, 0x0000000100000000)
  eden space 33280K, 0% used [0x00000000d5d00000,0x00000000d5d00000,0x00000000d7d80000)
  from space 5120K, 99% used [0x00000000d7d80000,0x00000000d8279278,0x00000000d8280000)
  to   space 5120K, 0% used [0x00000000d8280000,0x00000000d8280000,0x00000000d8780000)
 ParOldGen       total 87552K, used 5410K [0x0000000081600000, 0x0000000086b80000, 0x00000000d5d00000)
  object space 87552K, 6% used [0x0000000081600000,0x0000000081b48900,0x0000000086b80000)
 Metaspace       used 21014K, capacity 21216K, committed 21296K, reserved 1067008K
  class space    used 2777K, capacity 2840K, committed 2864K, reserved 1048576K
}
Event: 16.018 GC heap before
{Heap before GC invocations=4 (full 1):
 PSYoungGen      total 38400K, used 5092K [0x00000000d5d00000, 0x00000000d8780000, 0x0000000100000000)
  eden space 33280K, 0% used [0x00000000d5d00000,0x00000000d5d00000,0x00000000d7d80000)
  from space 5120K, 99% used [0x00000000d7d80000,0x00000000d8279278,0x00000000d8280000)
  to   space 5120K, 0% used [0x00000000d8280000,0x00000000d8280000,0x00000000d8780000)
 ParOldGen       total 87552K, used 5410K [0x0000000081600000, 0x0000000086b80000, 0x00000000d5d00000)
  object space 87552K, 6% used [0x0000000081600000,0x0000000081b48900,0x0000000086b80000)
 Metaspace       used 21014K, capacity 21216K, committed 21296K, reserved 1067008K
  class space    used 2777K, capacity 2840K, committed 2864K, reserved 1048576K
Event: 16.172 GC heap after
Heap after GC invocations=4 (full 1):
 PSYoungGen      total 38400K, used 0K [0x00000000d5d00000, 0x00000000d8780000, 0x0000000100000000)
  eden space 33280K, 0% used [0x00000000d5d00000,0x00000000d5d00000,0x00000000d7d80000)
  from space 5120K, 0% used [0x00000000d7d80000,0x00000000d7d80000,0x00000000d8280000)
  to   space 5120K, 0% used [0x00000000d8280000,0x00000000d8280000,0x00000000d8780000)
 ParOldGen       total 68096K, used 7796K [0x0000000081600000, 0x0000000085880000, 0x00000000d5d00000)
  object space 68096K, 11% used [0x0000000081600000,0x0000000081d9d270,0x0000000085880000)
 Metaspace       used 21014K, capacity 21216K, committed 21296K, reserved 1067008K
  class space    used 2777K, capacity 2840K, committed 2864K, reserved 1048576K
}

Deoptimization events (10 events):
Event: 14.702 Thread 0x00000000008be000 Uncommon trap: reason=bimorphic action=maybe_recompile pc=0x00000000027adbe0 method=java.util.HashMap.putVal(ILjava/lang/Object;Ljava/lang/Object;ZZ)Ljava/lang/Object; @ 203
Event: 14.846 Thread 0x00000000008be000 Uncommon trap: reason=bimorphic action=maybe_recompile pc=0x00000000027adbe0 method=java.util.HashMap.putVal(ILjava/lang/Object;Ljava/lang/Object;ZZ)Ljava/lang/Object; @ 203
Event: 14.861 Thread 0x00000000008be000 Uncommon trap: reason=bimorphic action=maybe_recompile pc=0x00000000027adbe0 method=java.util.HashMap.putVal(ILjava/lang/Object;Ljava/lang/Object;ZZ)Ljava/lang/Object; @ 203
Event: 15.223 Thread 0x00000000008be000 Uncommon trap: reason=class_check action=maybe_recompile pc=0x000000000266b838 method=java.lang.StringCoding$StringDecoder.decode([BII)[C @ 30
Event: 15.259 Thread 0x00000000008be000 Uncommon trap: reason=class_check action=maybe_recompile pc=0x000000000266b838 method=java.lang.StringCoding$StringDecoder.decode([BII)[C @ 30
Event: 15.972 Thread 0x00000000008be000 Uncommon trap: reason=class_check action=maybe_recompile pc=0x000000000268735c method=java.lang.StringCoding$StringDecoder.decode([BII)[C @ 30
Event: 15.972 Thread 0x00000000008be000 Uncommon trap: reason=class_check action=maybe_recompile pc=0x000000000268735c method=java.lang.StringCoding$StringDecoder.decode([BII)[C @ 30
Event: 15.972 Thread 0x00000000008be000 Uncommon trap: reason=class_check action=maybe_recompile pc=0x000000000266b838 method=java.lang.StringCoding$StringDecoder.decode([BII)[C @ 30
Event: 16.436 Thread 0x00000000008be000 Uncommon trap: reason=unstable_if action=reinterpret pc=0x00000000026383c4 method=java.lang.String.regionMatches(ZILjava/lang/String;II)Z @ 123
Event: 16.462 Thread 0x00000000008be000 Uncommon trap: reason=unstable_if action=reinterpret pc=0x00000000026ae0a4 method=java.lang.String.regionMatches(ZILjava/lang/String;II)Z @ 123

Internal exceptions (10 events):
Event: 0.855 Thread 0x00000000008be000 Exception <a 'java/lang/ClassNotFoundException': org/apache/log4j/PatternLayoutCustomizer> (0x00000000d639c338) thrown at [D:\re\workspace\8-2-build-windows-amd64-cygwin\jdk8u40\3098\hotspot\src\share\vm\classfile\systemDictionary.cpp, line 210]
Event: 0.914 Thread 0x00000000008be000 Exception <a 'java/lang/ClassNotFoundException': org/apache/log4j/ConsoleAppenderBeanInfo> (0x00000000d63f8580) thrown at [D:\re\workspace\8-2-build-windows-amd64-cygwin\jdk8u40\3098\hotspot\src\share\vm\classfile\systemDictionary.cpp, line 210]
Event: 0.915 Thread 0x00000000008be000 Exception <a 'java/lang/ClassNotFoundException': org/apache/log4j/ConsoleAppenderCustomizer> (0x00000000d6400ab8) thrown at [D:\re\workspace\8-2-build-windows-amd64-cygwin\jdk8u40\3098\hotspot\src\share\vm\classfile\systemDictionary.cpp, line 210]
Event: 2.572 Thread 0x00000000008be000 Exception <a 'java/lang/NoSuchFieldError': method resolution failed> (0x00000000d63074a0) thrown at [D:\re\workspace\8-2-build-windows-amd64-cygwin\jdk8u40\3098\hotspot\src\share\vm\prims\methodHandles.cpp, line 1125]
Event: 2.621 Thread 0x00000000008be000 Exception <a 'java/lang/NoSuchFieldError': method resolution failed> (0x00000000d6315dd0) thrown at [D:\re\workspace\8-2-build-windows-amd64-cygwin\jdk8u40\3098\hotspot\src\share\vm\prims\methodHandles.cpp, line 1125]
Event: 9.089 Thread 0x00000000008be000 Exception <a 'java/lang/NullPointerException'> (0x00000000d6e6f0f8) thrown at [D:\re\workspace\8-2-build-windows-amd64-cygwin\jdk8u40\3098\hotspot\src\share\vm\runtime\reflection.cpp, line 921]
Event: 10.100 Thread 0x00000000008be000 Exception <a 'java/lang/reflect/InvocationTargetException'> (0x00000000d7196a70) thrown at [D:\re\workspace\8-2-build-windows-amd64-cygwin\jdk8u40\3098\hotspot\src\share\vm\runtime\reflection.cpp, line 1080]
Event: 10.971 Thread 0x00000000008be000 Exception <a 'java/lang/ArrayIndexOutOfBoundsException'> (0x00000000d79a0150) thrown at [D:\re\workspace\8-2-build-windows-amd64-cygwin\jdk8u40\3098\hotspot\src\share\vm\runtime\sharedRuntime.cpp, line 605]
Event: 10.972 Thread 0x00000000008be000 Exception <a 'java/lang/ArrayIndexOutOfBoundsException'> (0x00000000d79a0f98) thrown at [D:\re\workspace\8-2-build-windows-amd64-cygwin\jdk8u40\3098\hotspot\src\share\vm\runtime\sharedRuntime.cpp, line 605]
Event: 10.972 Thread 0x00000000008be000 Exception <a 'java/lang/ArrayIndexOutOfBoundsException'> (0x00000000d79a2050) thrown at [D:\re\workspace\8-2-build-windows-amd64-cygwin\jdk8u40\3098\hotspot\src\share\vm\runtime\sharedRuntime.cpp, line 605]

Events (10 events):
Event: 20.296 loading class javax/persistence/NoResultException
Event: 20.296 loading class javax/persistence/NoResultException done
Event: 20.297 loading class java/lang/Throwable$WrappedPrintStream
Event: 20.297 loading class java/lang/Throwable$PrintStreamOrWriter
Event: 20.297 loading class java/lang/Throwable$PrintStreamOrWriter done
Event: 20.297 loading class java/lang/Throwable$WrappedPrintStream done
Event: 20.297 loading class java/util/IdentityHashMap$KeySet
Event: 20.297 loading class java/util/IdentityHashMap$KeySet done
Event: 20.299 Thread 0x00000000008be000 Thread exited: 0x00000000008be000
Event: 20.299 Thread 0x00000000008be000 Thread added: 0x00000000008be000


Dynamic libraries:
0x00007ff709290000 - 0x00007ff7092c7000 	C:\Program Files\Java\jre1.8.0_40\bin\javaw.exe
0x00007ffcb0620000 - 0x00007ffcb07e1000 	C:\WINDOWS\SYSTEM32\ntdll.dll
0x00007ffcaf9e0000 - 0x00007ffcafa8d000 	C:\WINDOWS\system32\KERNEL32.DLL
0x00007ffcad5f0000 - 0x00007ffcad7d8000 	C:\WINDOWS\system32\KERNELBASE.dll
0x00007ffcada80000 - 0x00007ffcadb27000 	C:\WINDOWS\system32\ADVAPI32.dll
0x00007ffcb04b0000 - 0x00007ffcb054d000 	C:\WINDOWS\system32\msvcrt.dll
0x00007ffcadcf0000 - 0x00007ffcadd4b000 	C:\WINDOWS\system32\sechost.dll
0x00007ffcae190000 - 0x00007ffcae2ac000 	C:\WINDOWS\system32\RPCRT4.dll
0x00007ffcae320000 - 0x00007ffcae476000 	C:\WINDOWS\system32\USER32.dll
0x00007ffcb01b0000 - 0x00007ffcb0336000 	C:\WINDOWS\system32\GDI32.dll
0x00007ffca2280000 - 0x00007ffca24f4000 	C:\WINDOWS\WinSxS\amd64_microsoft.windows.common-controls_6595b64144ccf1df_6.0.10586.0_none_8c15ae12515e1c22\COMCTL32.dll
0x00007ffcafec0000 - 0x00007ffcb013d000 	C:\WINDOWS\system32\combase.dll
0x00007ffcad320000 - 0x00007ffcad38a000 	C:\WINDOWS\system32\bcryptPrimitives.dll
0x00007ffcafbe0000 - 0x00007ffcafc1b000 	C:\WINDOWS\system32\IMM32.DLL
0x00000000773c0000 - 0x0000000077492000 	C:\Program Files\Java\jre1.8.0_40\bin\msvcr100.dll
0x0000000076030000 - 0x00000000768b3000 	C:\Program Files\Java\jre1.8.0_40\bin\server\jvm.dll
0x00007ffcadce0000 - 0x00007ffcadce8000 	C:\WINDOWS\system32\PSAPI.DLL
0x00007ffca93b0000 - 0x00007ffca93b9000 	C:\WINDOWS\SYSTEM32\WSOCK32.dll
0x00007ffcb0140000 - 0x00007ffcb01ab000 	C:\WINDOWS\system32\WS2_32.dll
0x00007ffcab200000 - 0x00007ffcab223000 	C:\WINDOWS\SYSTEM32\WINMM.dll
0x00007ffca2130000 - 0x00007ffca213a000 	C:\WINDOWS\SYSTEM32\VERSION.dll
0x00007ffcab1a0000 - 0x00007ffcab1cc000 	C:\WINDOWS\SYSTEM32\WINMMBASE.dll
0x00007ffcad910000 - 0x00007ffcad953000 	C:\WINDOWS\system32\cfgmgr32.dll
0x0000000077530000 - 0x000000007753f000 	C:\Program Files\Java\jre1.8.0_40\bin\verify.dll
0x0000000077500000 - 0x0000000077529000 	C:\Program Files\Java\jre1.8.0_40\bin\java.dll
0x00000000774e0000 - 0x00000000774f6000 	C:\Program Files\Java\jre1.8.0_40\bin\zip.dll
0x00007ffcae480000 - 0x00007ffcaf9dc000 	C:\WINDOWS\system32\SHELL32.dll
0x00007ffcaccd0000 - 0x00007ffcad315000 	C:\WINDOWS\system32\windows.storage.dll
0x00007ffcb0450000 - 0x00007ffcb04a2000 	C:\WINDOWS\system32\shlwapi.dll
0x00007ffcaccc0000 - 0x00007ffcacccf000 	C:\WINDOWS\system32\kernel.appcore.dll
0x00007ffcad960000 - 0x00007ffcada15000 	C:\WINDOWS\system32\shcore.dll
0x00007ffcacc50000 - 0x00007ffcacc9b000 	C:\WINDOWS\system32\powrprof.dll
0x00007ffcacca0000 - 0x00007ffcaccb4000 	C:\WINDOWS\system32\profapi.dll
0x00000000774c0000 - 0x00000000774da000 	C:\Program Files\Java\jre1.8.0_40\bin\net.dll
0x00007ffcac510000 - 0x00007ffcac56c000 	C:\WINDOWS\system32\mswsock.dll
0x00007ffcac5c0000 - 0x00007ffcac5d7000 	C:\WINDOWS\SYSTEM32\CRYPTSP.dll
0x00007ffcac250000 - 0x00007ffcac284000 	C:\WINDOWS\system32\rsaenh.dll
0x00007ffcacb70000 - 0x00007ffcacb99000 	C:\WINDOWS\SYSTEM32\bcrypt.dll
0x00007ffcac3a0000 - 0x00007ffcac3bf000 	C:\WINDOWS\SYSTEM32\USERENV.dll
0x00007ffcac6e0000 - 0x00007ffcac6eb000 	C:\WINDOWS\SYSTEM32\CRYPTBASE.dll
0x00007ffca9d80000 - 0x00007ffca9db8000 	C:\WINDOWS\SYSTEM32\IPHLPAPI.DLL
0x00007ffcae180000 - 0x00007ffcae188000 	C:\WINDOWS\system32\NSI.dll
0x00007ffca9d60000 - 0x00007ffca9d76000 	C:\WINDOWS\SYSTEM32\dhcpcsvc6.DLL
0x00007ffca9d40000 - 0x00007ffca9d5a000 	C:\WINDOWS\SYSTEM32\dhcpcsvc.DLL
0x00000000774a0000 - 0x00000000774b1000 	C:\Program Files\Java\jre1.8.0_40\bin\nio.dll
0x00007ffc9c9f0000 - 0x00007ffc9cb7c000 	C:\WINDOWS\SYSTEM32\dbghelp.dll

VM Arguments:
jvm_args: -Dfile.encoding=UTF-8 
java_command: TesteGestorCriarTabela
java_class_path (initial): D:\Dropbox\DesenvolvimentoSoftware\SistemaJava\GestorNegocio\target\classes;C:\Users\Francismar\.m2\repository\org\hibernate\hibernate-core\5.0.0.Final\hibernate-core-5.0.0.Final.jar;C:\Users\Francismar\.m2\repository\org\jboss\logging\jboss-logging\3.3.0.Final\jboss-logging-3.3.0.Final.jar;C:\Users\Francismar\.m2\repository\org\apache\geronimo\specs\geronimo-jta_1.1_spec\1.1.1\geronimo-jta_1.1_spec-1.1.1.jar;C:\Users\Francismar\.m2\repository\org\hibernate\javax\persistence\hibernate-jpa-2.1-api\1.0.0.Final\hibernate-jpa-2.1-api-1.0.0.Final.jar;C:\Users\Francismar\.m2\repository\org\javassist\javassist\3.18.1-GA\javassist-3.18.1-GA.jar;C:\Users\Francismar\.m2\repository\antlr\antlr\2.7.7\antlr-2.7.7.jar;C:\Users\Francismar\.m2\repository\org\jboss\jandex\1.2.2.Final\jandex-1.2.2.Final.jar;C:\Users\Francismar\.m2\repository\dom4j\dom4j\1.6.1\dom4j-1.6.1.jar;C:\Users\Francismar\.m2\repository\xml-apis\xml-apis\1.0.b2\xml-apis-1.0.b2.jar;C:\Users\Francismar\.m2\repository\org\hibernate\common\hibernate-commons-annotations\5.0.0.Final\hibernate-commons-annotations-5.0.0.Final.jar;C:\Users\Francismar\.m2\repository\org\hibernate\hibernate-entitymanager\5.0.0.Final\hibernate-entitymanager-5.0.0.Final.jar;C:\Users\Francismar\.m2\repository\org\hibernate\hibernate-validator\5.1.3.Final\hibernate-validator-5.1.3.Final.jar;C:\Users\Francismar\.m2\repository\javax\validation\validation-api\1.1.0.Final\validation-api-1.1.0.Final.jar;C:\Users\Francismar\.m2\repository\com\fasterxml\classmate\1.0.0\classmate-1.0.0.jar;C:\Users\Francismar\.m2\repository\org\postgresql\postgresql\9.4-1200-jdbc41\postgresql-9.4-1200-jdbc41.jar;C:\Users\Francismar\.m2\repository\com\github\dblock\waffle\waffle-jna\1.7\waffle-jna-1.7.jar;C:\Users\Francismar\.m2\repository\net\java\dev\jna\jna\4.1.0\jna-4.1.0.jar;C:\Users\Francismar\.m2\repository\net\java\dev\jna\jna-platform\4.1.0\jna-platform-4.1.0.jar;C:\Users\Francismar\.m2\repository\org\slf4j\slf4j-api\1.7.7\slf4j-a
Launcher Type: SUN_STANDARD

Environment Variables:
PATH=C:/Program Files/Java/jre1.8.0_40/bin/server;C:/Program Files/Java/jre1.8.0_40/bin;C:/Program Files/Java/jre1.8.0_40/lib/amd64;C:\Program Files (x86)\Common Files\Intel\Shared Files\cpp\bin\Intel64;C:\ProgramData\Oracle\Java\javapath;C:\WINDOWS\system32;C:\WINDOWS;C:\WINDOWS\System32\Wbem;C:\WINDOWS\System32\WindowsPowerShell\v1.0\;C:\Program Files (x86)\Windows Live\Shared;C:\Program Files (x86)\Skype\Phone\;D:\DesenvolvimentoSoftware\eclipse;
USERNAME=Francismar
OS=Windows_NT
PROCESSOR_IDENTIFIER=Intel64 Family 6 Model 42 Stepping 7, GenuineIntel



---------------  S Y S T E M  ---------------

OS: Windows 10.0 , 64 bit Build 10586 (10.0.10586.0)

CPU:total 4 (2 cores per cpu, 2 threads per core) family 6 model 42 stepping 7, cmov, cx8, fxsr, mmx, sse, sse2, sse3, ssse3, sse4.1, sse4.2, popcnt, avx, aes, clmul, ht, tsc, tscinvbit

Memory: 4k page, physical 8294284k(1587508k free), swap 8294284k(6012k free)

vm_info: Java HotSpot(TM) 64-Bit Server VM (25.40-b25) for windows-amd64 JRE (1.8.0_40-b26), built on Mar  7 2015 13:51:59 by "java_re" with MS VC++ 10.0 (VS2010)

time: Fri Mar 18 15:19:08 2016
elapsed time: 21 seconds (0d 0h 0m 21s)

